{"C:\\Users\\Marcos\\Desktop\\gestao_atipicos\\src\\components\\ui\\button.tsx": {"path":"C:\\Users\\Marcos\\Desktop\\gestao_atipicos\\src\\components\\ui\\button.tsx","statementMap":{"0":{"start":{"line":7,"column":6},"end":{"line":30,"column":null}},"1":{"start":{"line":39,"column":15},"end":{"line":43,"column":null}},"2":{"start":{"line":41,"column":17},"end":{"line":41,"column":null}},"3":{"start":{"line":42,"column":4},"end":{"line":42,"column":null}},"4":{"start":{"line":45,"column":0},"end":{"line":45,"column":null}}},"fnMap":{"0":{"name":"(anonymous_0)","decl":{"start":{"line":40,"column":2},"end":{"line":40,"column":3}},"loc":{"start":{"line":40,"column":60},"end":{"line":43,"column":null}},"line":40}},"branchMap":{"0":{"loc":{"start":{"line":40,"column":31},"end":{"line":40,"column":46}},"type":"default-arg","locations":[{"start":{"line":40,"column":41},"end":{"line":40,"column":46}}],"line":40},"1":{"loc":{"start":{"line":41,"column":17},"end":{"line":41,"column":null}},"type":"cond-expr","locations":[{"start":{"line":41,"column":27},"end":{"line":41,"column":34}},{"start":{"line":41,"column":34},"end":{"line":41,"column":null}}],"line":41}},"s":{"0":1,"1":1,"2":84,"3":84,"4":1},"f":{"0":84},"b":{"0":[84],"1":[0,84]},"meta":{"lastBranch":2,"lastFunction":1,"lastStatement":5,"seen":{"s:7:6:30:Infinity":0,"s:39:15:43:Infinity":1,"f:40:2:40:3":0,"b:40:41:40:46":0,"s:41:17:41:Infinity":2,"b:41:27:41:34:41:34:41:Infinity":1,"s:42:4:42:Infinity":3,"s:45:0:45:Infinity":4}}}
,"C:\\Users\\Marcos\\Desktop\\gestao_atipicos\\src\\components\\ui\\card.tsx": {"path":"C:\\Users\\Marcos\\Desktop\\gestao_atipicos\\src\\components\\ui\\card.tsx","statementMap":{"0":{"start":{"line":5,"column":13},"end":{"line":6,"column":null}},"1":{"start":{"line":5,"column":110},"end":{"line":6,"column":null}},"2":{"start":{"line":8,"column":0},"end":{"line":8,"column":null}},"3":{"start":{"line":10,"column":19},"end":{"line":12,"column":null}},"4":{"start":{"line":11,"column":28},"end":{"line":12,"column":null}},"5":{"start":{"line":15,"column":0},"end":{"line":15,"column":null}},"6":{"start":{"line":17,"column":18},"end":{"line":19,"column":null}},"7":{"start":{"line":18,"column":28},"end":{"line":19,"column":null}},"8":{"start":{"line":22,"column":0},"end":{"line":22,"column":null}},"9":{"start":{"line":24,"column":24},"end":{"line":26,"column":null}},"10":{"start":{"line":25,"column":28},"end":{"line":26,"column":null}},"11":{"start":{"line":29,"column":0},"end":{"line":29,"column":null}},"12":{"start":{"line":31,"column":20},"end":{"line":32,"column":null}},"13":{"start":{"line":32,"column":28},"end":{"line":32,"column":null}},"14":{"start":{"line":34,"column":0},"end":{"line":34,"column":null}},"15":{"start":{"line":36,"column":19},"end":{"line":38,"column":null}},"16":{"start":{"line":37,"column":28},"end":{"line":38,"column":null}},"17":{"start":{"line":41,"column":0},"end":{"line":41,"column":null}}},"fnMap":{"0":{"name":"(anonymous_0)","decl":{"start":{"line":5,"column":84},"end":{"line":5,"column":85}},"loc":{"start":{"line":5,"column":110},"end":{"line":6,"column":null}},"line":5},"1":{"name":"(anonymous_1)","decl":{"start":{"line":11,"column":2},"end":{"line":11,"column":3}},"loc":{"start":{"line":11,"column":28},"end":{"line":12,"column":null}},"line":11},"2":{"name":"(anonymous_2)","decl":{"start":{"line":18,"column":2},"end":{"line":18,"column":3}},"loc":{"start":{"line":18,"column":28},"end":{"line":19,"column":null}},"line":18},"3":{"name":"(anonymous_3)","decl":{"start":{"line":25,"column":2},"end":{"line":25,"column":3}},"loc":{"start":{"line":25,"column":28},"end":{"line":26,"column":null}},"line":25},"4":{"name":"(anonymous_4)","decl":{"start":{"line":32,"column":2},"end":{"line":32,"column":3}},"loc":{"start":{"line":32,"column":28},"end":{"line":32,"column":null}},"line":32},"5":{"name":"(anonymous_5)","decl":{"start":{"line":37,"column":2},"end":{"line":37,"column":3}},"loc":{"start":{"line":37,"column":28},"end":{"line":38,"column":null}},"line":37}},"branchMap":{},"s":{"0":1,"1":28,"2":1,"3":1,"4":28,"5":1,"6":1,"7":56,"8":1,"9":1,"10":56,"11":1,"12":1,"13":28,"14":1,"15":1,"16":28,"17":1},"f":{"0":28,"1":28,"2":56,"3":56,"4":28,"5":28},"b":{},"meta":{"lastBranch":0,"lastFunction":6,"lastStatement":18,"seen":{"s:5:13:6:Infinity":0,"f:5:84:5:85":0,"s:5:110:6:Infinity":1,"s:8:0:8:Infinity":2,"s:10:19:12:Infinity":3,"f:11:2:11:3":1,"s:11:28:12:Infinity":4,"s:15:0:15:Infinity":5,"s:17:18:19:Infinity":6,"f:18:2:18:3":2,"s:18:28:19:Infinity":7,"s:22:0:22:Infinity":8,"s:24:24:26:Infinity":9,"f:25:2:25:3":3,"s:25:28:26:Infinity":10,"s:29:0:29:Infinity":11,"s:31:20:32:Infinity":12,"f:32:2:32:3":4,"s:32:28:32:Infinity":13,"s:34:0:34:Infinity":14,"s:36:19:38:Infinity":15,"f:37:2:37:3":5,"s:37:28:38:Infinity":16,"s:41:0:41:Infinity":17}}}
,"C:\\Users\\Marcos\\Desktop\\gestao_atipicos\\src\\components\\ui\\input.tsx": {"path":"C:\\Users\\Marcos\\Desktop\\gestao_atipicos\\src\\components\\ui\\input.tsx","statementMap":{"0":{"start":{"line":5,"column":14},"end":{"line":18,"column":null}},"1":{"start":{"line":7,"column":4},"end":{"line":15,"column":null}},"2":{"start":{"line":20,"column":0},"end":{"line":20,"column":null}}},"fnMap":{"0":{"name":"(anonymous_0)","decl":{"start":{"line":6,"column":2},"end":{"line":6,"column":3}},"loc":{"start":{"line":6,"column":34},"end":{"line":18,"column":null}},"line":6}},"branchMap":{},"s":{"0":1,"1":56,"2":1},"f":{"0":56},"b":{},"meta":{"lastBranch":0,"lastFunction":1,"lastStatement":3,"seen":{"s:5:14:18:Infinity":0,"f:6:2:6:3":0,"s:7:4:15:Infinity":1,"s:20:0:20:Infinity":2}}}
,"C:\\Users\\Marcos\\Desktop\\gestao_atipicos\\src\\components\\ui\\label.tsx": {"path":"C:\\Users\\Marcos\\Desktop\\gestao_atipicos\\src\\components\\ui\\label.tsx","statementMap":{"0":{"start":{"line":7,"column":6},"end":{"line":7,"column":null}},"1":{"start":{"line":9,"column":14},"end":{"line":13,"column":null}},"2":{"start":{"line":12,"column":28},"end":{"line":13,"column":null}},"3":{"start":{"line":15,"column":0},"end":{"line":15,"column":null}}},"fnMap":{"0":{"name":"(anonymous_0)","decl":{"start":{"line":12,"column":2},"end":{"line":12,"column":3}},"loc":{"start":{"line":12,"column":28},"end":{"line":13,"column":null}},"line":12}},"branchMap":{},"s":{"0":1,"1":1,"2":56,"3":1},"f":{"0":56},"b":{},"meta":{"lastBranch":0,"lastFunction":1,"lastStatement":4,"seen":{"s:7:6:7:Infinity":0,"s:9:14:13:Infinity":1,"f:12:2:12:3":0,"s:12:28:13:Infinity":2,"s:15:0:15:Infinity":3}}}
,"C:\\Users\\Marcos\\Desktop\\gestao_atipicos\\src\\lib\\utils.ts": {"path":"C:\\Users\\Marcos\\Desktop\\gestao_atipicos\\src\\lib\\utils.ts","statementMap":{"0":{"start":{"line":5,"column":2},"end":{"line":5,"column":null}},"1":{"start":{"line":13,"column":28},"end":{"line":24,"column":null}},"2":{"start":{"line":14,"column":2},"end":{"line":14,"column":null}},"3":{"start":{"line":14,"column":18},"end":{"line":14,"column":null}},"4":{"start":{"line":15,"column":16},"end":{"line":15,"column":null}},"5":{"start":{"line":16,"column":23},"end":{"line":16,"column":null}},"6":{"start":{"line":17,"column":2},"end":{"line":17,"column":48}},"7":{"start":{"line":17,"column":37},"end":{"line":17,"column":48}},"8":{"start":{"line":18,"column":12},"end":{"line":18,"column":null}},"9":{"start":{"line":19,"column":12},"end":{"line":19,"column":null}},"10":{"start":{"line":20,"column":2},"end":{"line":22,"column":null}},"11":{"start":{"line":21,"column":4},"end":{"line":21,"column":null}},"12":{"start":{"line":23,"column":2},"end":{"line":23,"column":null}}},"fnMap":{"0":{"name":"cn","decl":{"start":{"line":4,"column":16},"end":{"line":4,"column":19}},"loc":{"start":{"line":4,"column":42},"end":{"line":6,"column":null}},"line":4},"1":{"name":"(anonymous_1)","decl":{"start":{"line":13,"column":28},"end":{"line":13,"column":29}},"loc":{"start":{"line":13,"column":29},"end":{"line":24,"column":null}},"line":13}},"branchMap":{"0":{"loc":{"start":{"line":14,"column":2},"end":{"line":14,"column":null}},"type":"if","locations":[{"start":{"line":14,"column":2},"end":{"line":14,"column":null}},{"start":{},"end":{}}],"line":14},"1":{"loc":{"start":{"line":17,"column":2},"end":{"line":17,"column":48}},"type":"if","locations":[{"start":{"line":17,"column":2},"end":{"line":17,"column":48}},{"start":{},"end":{}}],"line":17},"2":{"loc":{"start":{"line":20,"column":2},"end":{"line":22,"column":null}},"type":"if","locations":[{"start":{"line":20,"column":2},"end":{"line":22,"column":null}},{"start":{},"end":{}}],"line":20},"3":{"loc":{"start":{"line":20,"column":6},"end":{"line":20,"column":70}},"type":"binary-expr","locations":[{"start":{"line":20,"column":6},"end":{"line":20,"column":16}},{"start":{"line":20,"column":16},"end":{"line":20,"column":27}},{"start":{"line":20,"column":27},"end":{"line":20,"column":70}}],"line":20}},"s":{"0":420,"1":1,"2":0,"3":0,"4":0,"5":0,"6":0,"7":0,"8":0,"9":0,"10":0,"11":0,"12":0},"f":{"0":420,"1":0},"b":{"0":[0,0],"1":[0,0],"2":[0,0],"3":[0,0,0]},"meta":{"lastBranch":4,"lastFunction":2,"lastStatement":13,"seen":{"f:4:16:4:19":0,"s:5:2:5:Infinity":0,"s:13:28:24:Infinity":1,"f:13:28:13:29":1,"b:14:2:14:Infinity:undefined:undefined:undefined:undefined":0,"s:14:2:14:Infinity":2,"s:14:18:14:Infinity":3,"s:15:16:15:Infinity":4,"s:16:23:16:Infinity":5,"b:17:2:17:48:undefined:undefined:undefined:undefined":1,"s:17:2:17:48":6,"s:17:37:17:48":7,"s:18:12:18:Infinity":8,"s:19:12:19:Infinity":9,"b:20:2:22:Infinity:undefined:undefined:undefined:undefined":2,"s:20:2:22:Infinity":10,"b:20:6:20:16:20:16:20:27:20:27:20:70":3,"s:21:4:21:Infinity":11,"s:23:2:23:Infinity":12}}}
,"C:\\Users\\Marcos\\Desktop\\gestao_atipicos\\src\\pages\\Auth.tsx": {"path":"C:\\Users\\Marcos\\Desktop\\gestao_atipicos\\src\\pages\\Auth.tsx","statementMap":{"0":{"start":{"line":14,"column":27},"end":{"line":20,"column":null}},"1":{"start":{"line":15,"column":2},"end":{"line":15,"column":null}},"2":{"start":{"line":15,"column":37},"end":{"line":15,"column":null}},"3":{"start":{"line":16,"column":20},"end":{"line":16,"column":46}},"4":{"start":{"line":17,"column":2},"end":{"line":17,"column":null}},"5":{"start":{"line":17,"column":34},"end":{"line":17,"column":null}},"6":{"start":{"line":18,"column":2},"end":{"line":18,"column":null}},"7":{"start":{"line":18,"column":71},"end":{"line":18,"column":null}},"8":{"start":{"line":19,"column":2},"end":{"line":19,"column":null}},"9":{"start":{"line":23,"column":24},"end":{"line":23,"column":null}},"10":{"start":{"line":24,"column":29},"end":{"line":24,"column":null}},"11":{"start":{"line":25,"column":39},"end":{"line":25,"column":null}},"12":{"start":{"line":26,"column":43},"end":{"line":26,"column":null}},"13":{"start":{"line":28,"column":33},"end":{"line":31,"column":null}},"14":{"start":{"line":33,"column":2},"end":{"line":40,"column":null}},"15":{"start":{"line":34,"column":38},"end":{"line":37,"column":null}},"16":{"start":{"line":35,"column":6},"end":{"line":35,"column":null}},"17":{"start":{"line":36,"column":6},"end":{"line":36,"column":null}},"18":{"start":{"line":38,"column":4},"end":{"line":38,"column":null}},"19":{"start":{"line":39,"column":4},"end":{"line":39,"column":null}},"20":{"start":{"line":39,"column":17},"end":{"line":39,"column":null}},"21":{"start":{"line":42,"column":2},"end":{"line":44,"column":null}},"22":{"start":{"line":43,"column":4},"end":{"line":43,"column":null}},"23":{"start":{"line":46,"column":22},"end":{"line":78,"column":null}},"24":{"start":{"line":47,"column":4},"end":{"line":47,"column":null}},"25":{"start":{"line":50,"column":5},"end":{"line":50,"column":null}},"26":{"start":{"line":52,"column":4},"end":{"line":52,"column":null}},"27":{"start":{"line":54,"column":4},"end":{"line":75,"column":null}},"28":{"start":{"line":57,"column":24},"end":{"line":57,"column":null}},"29":{"start":{"line":59,"column":6},"end":{"line":70,"column":null}},"30":{"start":{"line":60,"column":30},"end":{"line":60,"column":null}},"31":{"start":{"line":61,"column":8},"end":{"line":65,"column":null}},"32":{"start":{"line":67,"column":8},"end":{"line":69,"column":null}},"33":{"start":{"line":72,"column":6},"end":{"line":74,"column":null}},"34":{"start":{"line":77,"column":4},"end":{"line":77,"column":null}},"35":{"start":{"line":80,"column":29},"end":{"line":119,"column":null}},"36":{"start":{"line":81,"column":15},"end":{"line":81,"column":null}},"37":{"start":{"line":84,"column":4},"end":{"line":92,"column":null}},"38":{"start":{"line":85,"column":19},"end":{"line":85,"column":null}},"39":{"start":{"line":86,"column":6},"end":{"line":86,"column":null}},"40":{"start":{"line":87,"column":6},"end":{"line":87,"column":null}},"41":{"start":{"line":88,"column":6},"end":{"line":88,"column":null}},"42":{"start":{"line":89,"column":6},"end":{"line":89,"column":null}},"43":{"start":{"line":90,"column":6},"end":{"line":90,"column":null}},"44":{"start":{"line":91,"column":6},"end":{"line":91,"column":null}},"45":{"start":{"line":94,"column":4},"end":{"line":118,"column":null}},"46":{"start":{"line":95,"column":6},"end":{"line":95,"column":null}},"47":{"start":{"line":96,"column":26},"end":{"line":96,"column":57}},"48":{"start":{"line":97,"column":6},"end":{"line":99,"column":null}},"49":{"start":{"line":98,"column":8},"end":{"line":98,"column":null}},"50":{"start":{"line":101,"column":6},"end":{"line":117,"column":null}},"51":{"start":{"line":102,"column":8},"end":{"line":105,"column":null}},"52":{"start":{"line":108,"column":21},"end":{"line":108,"column":null}},"53":{"start":{"line":109,"column":8},"end":{"line":109,"column":null}},"54":{"start":{"line":110,"column":8},"end":{"line":110,"column":null}},"55":{"start":{"line":111,"column":8},"end":{"line":111,"column":null}},"56":{"start":{"line":112,"column":8},"end":{"line":112,"column":null}},"57":{"start":{"line":113,"column":8},"end":{"line":113,"column":null}},"58":{"start":{"line":114,"column":8},"end":{"line":116,"column":null}},"59":{"start":{"line":121,"column":2},"end":{"line":299,"column":null}},"60":{"start":{"line":227,"column":39},"end":{"line":227,"column":null}},"61":{"start":{"line":240,"column":41},"end":{"line":240,"column":null}},"62":{"start":{"line":249,"column":39},"end":{"line":249,"column":null}}},"fnMap":{"0":{"name":"(anonymous_0)","decl":{"start":{"line":14,"column":27},"end":{"line":14,"column":null}},"loc":{"start":{"line":14,"column":27},"end":{"line":20,"column":null}},"line":14},"1":{"name":"Auth","decl":{"start":{"line":22,"column":24},"end":{"line":22,"column":null}},"loc":{"start":{"line":22,"column":24},"end":{"line":305,"column":null}},"line":22},"2":{"name":"(anonymous_2)","decl":{"start":{"line":33,"column":12},"end":{"line":33,"column":null}},"loc":{"start":{"line":33,"column":12},"end":{"line":40,"column":5}},"line":33},"3":{"name":"(anonymous_3)","decl":{"start":{"line":34,"column":38},"end":{"line":34,"column":39}},"loc":{"start":{"line":34,"column":39},"end":{"line":37,"column":null}},"line":34},"4":{"name":"(anonymous_4)","decl":{"start":{"line":39,"column":11},"end":{"line":39,"column":17}},"loc":{"start":{"line":39,"column":17},"end":{"line":39,"column":null}},"line":39},"5":{"name":"(anonymous_5)","decl":{"start":{"line":46,"column":22},"end":{"line":46,"column":29}},"loc":{"start":{"line":46,"column":29},"end":{"line":78,"column":null}},"line":46},"6":{"name":"(anonymous_6)","decl":{"start":{"line":80,"column":29},"end":{"line":80,"column":null}},"loc":{"start":{"line":80,"column":29},"end":{"line":119,"column":null}},"line":80},"7":{"name":"(anonymous_7)","decl":{"start":{"line":227,"column":32},"end":{"line":227,"column":33}},"loc":{"start":{"line":227,"column":39},"end":{"line":227,"column":null}},"line":227},"8":{"name":"(anonymous_8)","decl":{"start":{"line":240,"column":34},"end":{"line":240,"column":35}},"loc":{"start":{"line":240,"column":41},"end":{"line":240,"column":null}},"line":240},"9":{"name":"(anonymous_9)","decl":{"start":{"line":249,"column":33},"end":{"line":249,"column":39}},"loc":{"start":{"line":249,"column":39},"end":{"line":249,"column":null}},"line":249}},"branchMap":{"0":{"loc":{"start":{"line":15,"column":2},"end":{"line":15,"column":null}},"type":"if","locations":[{"start":{"line":15,"column":2},"end":{"line":15,"column":null}},{"start":{},"end":{}}],"line":15},"1":{"loc":{"start":{"line":17,"column":2},"end":{"line":17,"column":null}},"type":"if","locations":[{"start":{"line":17,"column":2},"end":{"line":17,"column":null}},{"start":{},"end":{}}],"line":17},"2":{"loc":{"start":{"line":18,"column":2},"end":{"line":18,"column":null}},"type":"if","locations":[{"start":{"line":18,"column":2},"end":{"line":18,"column":null}},{"start":{},"end":{}}],"line":18},"3":{"loc":{"start":{"line":18,"column":6},"end":{"line":18,"column":69}},"type":"binary-expr","locations":[{"start":{"line":18,"column":6},"end":{"line":18,"column":44}},{"start":{"line":18,"column":44},"end":{"line":18,"column":69}}],"line":18},"4":{"loc":{"start":{"line":42,"column":2},"end":{"line":44,"column":null}},"type":"if","locations":[{"start":{"line":42,"column":2},"end":{"line":44,"column":null}},{"start":{},"end":{}}],"line":42},"5":{"loc":{"start":{"line":59,"column":6},"end":{"line":70,"column":null}},"type":"if","locations":[{"start":{"line":59,"column":6},"end":{"line":70,"column":null}},{"start":{"line":66,"column":13},"end":{"line":70,"column":null}}],"line":59},"6":{"loc":{"start":{"line":62,"column":23},"end":{"line":64,"column":null}},"type":"cond-expr","locations":[{"start":{"line":63,"column":14},"end":{"line":63,"column":null}},{"start":{"line":64,"column":15},"end":{"line":64,"column":null}}],"line":62},"7":{"loc":{"start":{"line":64,"column":15},"end":{"line":64,"column":null}},"type":"cond-expr","locations":[{"start":{"line":64,"column":63},"end":{"line":64,"column":93}},{"start":{"line":64,"column":93},"end":{"line":64,"column":null}}],"line":64},"8":{"loc":{"start":{"line":64,"column":93},"end":{"line":64,"column":null}},"type":"binary-expr","locations":[{"start":{"line":64,"column":93},"end":{"line":64,"column":106}},{"start":{"line":64,"column":110},"end":{"line":64,"column":null}}],"line":64},"9":{"loc":{"start":{"line":84,"column":4},"end":{"line":92,"column":null}},"type":"if","locations":[{"start":{"line":84,"column":4},"end":{"line":92,"column":null}},{"start":{},"end":{}}],"line":84},"10":{"loc":{"start":{"line":94,"column":4},"end":{"line":118,"column":null}},"type":"if","locations":[{"start":{"line":94,"column":4},"end":{"line":118,"column":null}},{"start":{"line":100,"column":11},"end":{"line":118,"column":null}}],"line":94},"11":{"loc":{"start":{"line":97,"column":6},"end":{"line":99,"column":null}},"type":"if","locations":[{"start":{"line":97,"column":6},"end":{"line":99,"column":null}},{"start":{},"end":{}}],"line":97},"12":{"loc":{"start":{"line":101,"column":6},"end":{"line":117,"column":null}},"type":"if","locations":[{"start":{"line":101,"column":6},"end":{"line":117,"column":null}},{"start":{"line":106,"column":13},"end":{"line":117,"column":null}}],"line":101},"13":{"loc":{"start":{"line":237,"column":30},"end":{"line":237,"column":null}},"type":"cond-expr","locations":[{"start":{"line":237,"column":45},"end":{"line":237,"column":54}},{"start":{"line":237,"column":54},"end":{"line":237,"column":null}}],"line":237},"14":{"loc":{"start":{"line":251,"column":25},"end":{"line":251,"column":null}},"type":"cond-expr","locations":[{"start":{"line":251,"column":25},"end":{"line":251,"column":74}},{"start":{"line":251,"column":73},"end":{"line":251,"column":null}}],"line":251},"15":{"loc":{"start":{"line":260,"column":21},"end":{"line":266,"column":null}},"type":"cond-expr","locations":[{"start":{"line":260,"column":21},"end":{"line":266,"column":null}},{"start":{"line":266,"column":22},"end":{"line":266,"column":null}}],"line":260}},"s":{"0":1,"1":0,"2":0,"3":0,"4":0,"5":0,"6":0,"7":0,"8":0,"9":28,"10":28,"11":28,"12":28,"13":28,"14":28,"15":1,"16":0,"17":0,"18":1,"19":1,"20":1,"21":28,"22":0,"23":28,"24":1,"25":1,"26":1,"27":1,"28":1,"29":1,"30":0,"31":0,"32":1,"33":0,"34":1,"35":28,"36":0,"37":0,"38":0,"39":0,"40":0,"41":0,"42":0,"43":0,"44":0,"45":0,"46":0,"47":0,"48":0,"49":0,"50":0,"51":0,"52":0,"53":0,"54":0,"55":0,"56":0,"57":0,"58":0,"59":28,"60":17,"61":8,"62":0},"f":{"0":0,"1":28,"2":1,"3":0,"4":1,"5":1,"6":0,"7":17,"8":8,"9":0},"b":{"0":[0,0],"1":[0,0],"2":[0,0],"3":[0,0],"4":[0,28],"5":[0,1],"6":[0,0],"7":[0,0],"8":[0,0],"9":[0,0],"10":[0,0],"11":[0,0],"12":[0,0],"13":[0,28],"14":[0,28],"15":[1,27]},"meta":{"lastBranch":16,"lastFunction":10,"lastStatement":63,"seen":{"s:14:27:20:Infinity":0,"f:14:27:14:Infinity":0,"b:15:2:15:Infinity:undefined:undefined:undefined:undefined":0,"s:15:2:15:Infinity":1,"s:15:37:15:Infinity":2,"s:16:20:16:46":3,"b:17:2:17:Infinity:undefined:undefined:undefined:undefined":1,"s:17:2:17:Infinity":4,"s:17:34:17:Infinity":5,"b:18:2:18:Infinity:undefined:undefined:undefined:undefined":2,"s:18:2:18:Infinity":6,"b:18:6:18:44:18:44:18:69":3,"s:18:71:18:Infinity":7,"s:19:2:19:Infinity":8,"f:22:24:22:Infinity":1,"s:23:24:23:Infinity":9,"s:24:29:24:Infinity":10,"s:25:39:25:Infinity":11,"s:26:43:26:Infinity":12,"s:28:33:31:Infinity":13,"s:33:2:40:Infinity":14,"f:33:12:33:Infinity":2,"s:34:38:37:Infinity":15,"f:34:38:34:39":3,"s:35:6:35:Infinity":16,"s:36:6:36:Infinity":17,"s:38:4:38:Infinity":18,"s:39:4:39:Infinity":19,"f:39:11:39:17":4,"s:39:17:39:Infinity":20,"b:42:2:44:Infinity:undefined:undefined:undefined:undefined":4,"s:42:2:44:Infinity":21,"s:43:4:43:Infinity":22,"s:46:22:78:Infinity":23,"f:46:22:46:29":5,"s:47:4:47:Infinity":24,"s:50:5:50:Infinity":25,"s:52:4:52:Infinity":26,"s:54:4:75:Infinity":27,"s:57:24:57:Infinity":28,"b:59:6:70:Infinity:66:13:70:Infinity":5,"s:59:6:70:Infinity":29,"s:60:30:60:Infinity":30,"s:61:8:65:Infinity":31,"b:63:14:63:Infinity:64:15:64:Infinity":6,"b:64:63:64:93:64:93:64:Infinity":7,"b:64:93:64:106:64:110:64:Infinity":8,"s:67:8:69:Infinity":32,"s:72:6:74:Infinity":33,"s:77:4:77:Infinity":34,"s:80:29:119:Infinity":35,"f:80:29:80:Infinity":6,"s:81:15:81:Infinity":36,"b:84:4:92:Infinity:undefined:undefined:undefined:undefined":9,"s:84:4:92:Infinity":37,"s:85:19:85:Infinity":38,"s:86:6:86:Infinity":39,"s:87:6:87:Infinity":40,"s:88:6:88:Infinity":41,"s:89:6:89:Infinity":42,"s:90:6:90:Infinity":43,"s:91:6:91:Infinity":44,"b:94:4:118:Infinity:100:11:118:Infinity":10,"s:94:4:118:Infinity":45,"s:95:6:95:Infinity":46,"s:96:26:96:57":47,"b:97:6:99:Infinity:undefined:undefined:undefined:undefined":11,"s:97:6:99:Infinity":48,"s:98:8:98:Infinity":49,"b:101:6:117:Infinity:106:13:117:Infinity":12,"s:101:6:117:Infinity":50,"s:102:8:105:Infinity":51,"s:108:21:108:Infinity":52,"s:109:8:109:Infinity":53,"s:110:8:110:Infinity":54,"s:111:8:111:Infinity":55,"s:112:8:112:Infinity":56,"s:113:8:113:Infinity":57,"s:114:8:116:Infinity":58,"s:121:2:299:Infinity":59,"f:227:32:227:33":7,"s:227:39:227:Infinity":60,"b:237:45:237:54:237:54:237:Infinity":13,"f:240:34:240:35":8,"s:240:41:240:Infinity":61,"f:249:33:249:39":9,"s:249:39:249:Infinity":62,"b:251:25:251:74:251:73:251:Infinity":14,"b:260:21:266:Infinity:266:22:266:Infinity":15}}}
}
